[2025-07-16T07:59:52.706+0000] {taskinstance.py:1956} INFO - Dependencies all met for dep_context=non-requeueable deps ti=<TaskInstance: sales_batch_etl.load_to_postgres manual__2025-07-16T07:59:50.064731+00:00 [queued]>
[2025-07-16T07:59:52.714+0000] {taskinstance.py:1956} INFO - Dependencies all met for dep_context=requeueable deps ti=<TaskInstance: sales_batch_etl.load_to_postgres manual__2025-07-16T07:59:50.064731+00:00 [queued]>
[2025-07-16T07:59:52.714+0000] {taskinstance.py:2170} INFO - Starting attempt 1 of 2
[2025-07-16T07:59:52.725+0000] {taskinstance.py:2191} INFO - Executing <Task(BashOperator): load_to_postgres> on 2025-07-16 07:59:50.064731+00:00
[2025-07-16T07:59:52.733+0000] {standard_task_runner.py:60} INFO - Started process 4139 to run task
[2025-07-16T07:59:52.741+0000] {standard_task_runner.py:87} INFO - Running: ['***', 'tasks', 'run', 'sales_batch_etl', 'load_to_postgres', 'manual__2025-07-16T07:59:50.064731+00:00', '--job-id', '13', '--raw', '--subdir', 'DAGS_FOLDER/sales_batch_etl.py', '--cfg-path', '/tmp/tmpdcr9ok7n']
[2025-07-16T07:59:52.743+0000] {standard_task_runner.py:88} INFO - Job 13: Subtask load_to_postgres
[2025-07-16T07:59:52.756+0000] {logging_mixin.py:188} WARNING - /home/***/.local/lib/python3.8/site-packages/***/settings.py:194 DeprecationWarning: The sql_alchemy_conn option in [core] has been moved to the sql_alchemy_conn option in [database] - the old setting has been used, but please update your config.
[2025-07-16T07:59:52.779+0000] {task_command.py:423} INFO - Running <TaskInstance: sales_batch_etl.load_to_postgres manual__2025-07-16T07:59:50.064731+00:00 [running]> on host 475ab637e9bf
[2025-07-16T07:59:52.825+0000] {taskinstance.py:2480} INFO - Exporting env vars: AIRFLOW_CTX_DAG_OWNER='***' AIRFLOW_CTX_DAG_ID='sales_batch_etl' AIRFLOW_CTX_TASK_ID='load_to_postgres' AIRFLOW_CTX_EXECUTION_DATE='2025-07-16T07:59:50.064731+00:00' AIRFLOW_CTX_TRY_NUMBER='1' AIRFLOW_CTX_DAG_RUN_ID='manual__2025-07-16T07:59:50.064731+00:00'
[2025-07-16T07:59:52.826+0000] {subprocess.py:63} INFO - Tmp dir root location: /tmp
[2025-07-16T07:59:52.827+0000] {subprocess.py:75} INFO - Running command: ['/usr/bin/bash', '-c', 'python3 /opt/***/scripts/load_to_postgres.py']
[2025-07-16T07:59:52.833+0000] {subprocess.py:86} INFO - Output:
[2025-07-16T07:59:54.145+0000] {subprocess.py:93} INFO - 📤 Loading data from /tmp/sales.csv to PostgreSQL...
[2025-07-16T07:59:54.148+0000] {subprocess.py:93} INFO - 📊 Read DataFrame with shape: (10000, 6)
[2025-07-16T07:59:54.151+0000] {subprocess.py:93} INFO - 🛠️ Creating table if not exists...
[2025-07-16T07:59:54.152+0000] {subprocess.py:93} INFO - 📥 Inserting rows into sales_staging table...
[2025-07-16T07:59:54.153+0000] {subprocess.py:93} INFO - ✅ Data inserted successfully into PostgreSQL.
[2025-07-16T07:59:54.186+0000] {subprocess.py:97} INFO - Command exited with return code 0
[2025-07-16T07:59:54.210+0000] {taskinstance.py:1138} INFO - Marking task as SUCCESS. dag_id=sales_batch_etl, task_id=load_to_postgres, execution_date=20250716T075950, start_date=20250716T075952, end_date=20250716T075954
[2025-07-16T07:59:54.245+0000] {local_task_job_runner.py:234} INFO - Task exited with return code 0
[2025-07-16T07:59:54.276+0000] {taskinstance.py:3280} INFO - 0 downstream tasks scheduled from follow-on schedule check
