[2025-07-21T00:26:26.340+0000] {processor.py:161} INFO - Started process (PID=14010) to work on /opt/airflow/dags/sales_batch_etl.py
[2025-07-21T00:26:26.348+0000] {processor.py:830} INFO - Processing file /opt/airflow/dags/sales_batch_etl.py for tasks to queue
[2025-07-21T00:26:26.355+0000] {logging_mixin.py:188} INFO - [2025-07-21T00:26:26.353+0000] {dagbag.py:538} INFO - Filling up the DagBag from /opt/airflow/dags/sales_batch_etl.py
[2025-07-21T00:26:26.437+0000] {processor.py:840} INFO - DAG(s) 'sales_batch_etl' retrieved from /opt/airflow/dags/sales_batch_etl.py
[2025-07-21T00:26:26.551+0000] {logging_mixin.py:188} INFO - [2025-07-21T00:26:26.550+0000] {dag.py:3036} INFO - Sync 1 DAGs
[2025-07-21T00:26:26.624+0000] {logging_mixin.py:188} INFO - [2025-07-21T00:26:26.624+0000] {dag.py:3823} INFO - Setting next_dagrun for sales_batch_etl to 2025-07-21 00:00:00+00:00, run_after=2025-07-22 00:00:00+00:00
[2025-07-21T00:26:26.675+0000] {processor.py:183} INFO - Processing /opt/airflow/dags/sales_batch_etl.py took 0.352 seconds
[2025-07-21T01:19:03.672+0000] {processor.py:161} INFO - Started process (PID=14039) to work on /opt/airflow/dags/sales_batch_etl.py
[2025-07-21T01:19:03.675+0000] {processor.py:830} INFO - Processing file /opt/airflow/dags/sales_batch_etl.py for tasks to queue
[2025-07-21T01:19:03.679+0000] {logging_mixin.py:188} INFO - [2025-07-21T01:19:03.678+0000] {dagbag.py:538} INFO - Filling up the DagBag from /opt/airflow/dags/sales_batch_etl.py
[2025-07-21T01:19:03.738+0000] {processor.py:840} INFO - DAG(s) 'sales_batch_etl' retrieved from /opt/airflow/dags/sales_batch_etl.py
[2025-07-21T01:19:03.849+0000] {logging_mixin.py:188} INFO - [2025-07-21T01:19:03.848+0000] {dag.py:3036} INFO - Sync 1 DAGs
[2025-07-21T01:19:03.926+0000] {logging_mixin.py:188} INFO - [2025-07-21T01:19:03.926+0000] {dag.py:3823} INFO - Setting next_dagrun for sales_batch_etl to 2025-07-21 00:00:00+00:00, run_after=2025-07-22 00:00:00+00:00
[2025-07-21T01:19:03.969+0000] {processor.py:183} INFO - Processing /opt/airflow/dags/sales_batch_etl.py took 0.319 seconds
[2025-07-21T01:46:31.728+0000] {processor.py:161} INFO - Started process (PID=14046) to work on /opt/airflow/dags/sales_batch_etl.py
[2025-07-21T01:46:31.731+0000] {processor.py:830} INFO - Processing file /opt/airflow/dags/sales_batch_etl.py for tasks to queue
[2025-07-21T01:46:31.733+0000] {logging_mixin.py:188} INFO - [2025-07-21T01:46:31.732+0000] {dagbag.py:538} INFO - Filling up the DagBag from /opt/airflow/dags/sales_batch_etl.py
[2025-07-21T01:46:31.799+0000] {processor.py:840} INFO - DAG(s) 'sales_batch_etl' retrieved from /opt/airflow/dags/sales_batch_etl.py
[2025-07-21T01:46:31.954+0000] {logging_mixin.py:188} INFO - [2025-07-21T01:46:31.952+0000] {dag.py:3036} INFO - Sync 1 DAGs
[2025-07-21T01:46:32.027+0000] {logging_mixin.py:188} INFO - [2025-07-21T01:46:32.026+0000] {dag.py:3823} INFO - Setting next_dagrun for sales_batch_etl to 2025-07-21 00:00:00+00:00, run_after=2025-07-22 00:00:00+00:00
[2025-07-21T01:46:32.089+0000] {processor.py:183} INFO - Processing /opt/airflow/dags/sales_batch_etl.py took 0.377 seconds
[2025-07-21T02:10:10.800+0000] {processor.py:161} INFO - Started process (PID=14051) to work on /opt/airflow/dags/sales_batch_etl.py
[2025-07-21T02:10:10.803+0000] {processor.py:830} INFO - Processing file /opt/airflow/dags/sales_batch_etl.py for tasks to queue
[2025-07-21T02:10:10.806+0000] {logging_mixin.py:188} INFO - [2025-07-21T02:10:10.805+0000] {dagbag.py:538} INFO - Filling up the DagBag from /opt/airflow/dags/sales_batch_etl.py
[2025-07-21T02:10:10.841+0000] {processor.py:840} INFO - DAG(s) 'sales_batch_etl' retrieved from /opt/airflow/dags/sales_batch_etl.py
[2025-07-21T02:10:10.877+0000] {logging_mixin.py:188} INFO - [2025-07-21T02:10:10.877+0000] {dag.py:3036} INFO - Sync 1 DAGs
[2025-07-21T02:10:10.898+0000] {logging_mixin.py:188} INFO - [2025-07-21T02:10:10.897+0000] {dag.py:3823} INFO - Setting next_dagrun for sales_batch_etl to 2025-07-21 00:00:00+00:00, run_after=2025-07-22 00:00:00+00:00
[2025-07-21T02:10:10.911+0000] {processor.py:183} INFO - Processing /opt/airflow/dags/sales_batch_etl.py took 0.118 seconds
[2025-07-21T02:14:39.332+0000] {processor.py:161} INFO - Started process (PID=14056) to work on /opt/airflow/dags/sales_batch_etl.py
[2025-07-21T02:14:39.346+0000] {processor.py:830} INFO - Processing file /opt/airflow/dags/sales_batch_etl.py for tasks to queue
[2025-07-21T02:14:39.356+0000] {logging_mixin.py:188} INFO - [2025-07-21T02:14:39.352+0000] {dagbag.py:538} INFO - Filling up the DagBag from /opt/airflow/dags/sales_batch_etl.py
[2025-07-21T02:14:39.459+0000] {processor.py:840} INFO - DAG(s) 'sales_batch_etl' retrieved from /opt/airflow/dags/sales_batch_etl.py
[2025-07-21T02:14:39.587+0000] {logging_mixin.py:188} INFO - [2025-07-21T02:14:39.586+0000] {dag.py:3036} INFO - Sync 1 DAGs
[2025-07-21T02:14:39.672+0000] {logging_mixin.py:188} INFO - [2025-07-21T02:14:39.672+0000] {dag.py:3823} INFO - Setting next_dagrun for sales_batch_etl to 2025-07-21 00:00:00+00:00, run_after=2025-07-22 00:00:00+00:00
[2025-07-21T02:14:39.735+0000] {processor.py:183} INFO - Processing /opt/airflow/dags/sales_batch_etl.py took 0.424 seconds
[2025-07-21T02:53:37.200+0000] {processor.py:161} INFO - Started process (PID=14061) to work on /opt/airflow/dags/sales_batch_etl.py
[2025-07-21T02:53:37.203+0000] {processor.py:830} INFO - Processing file /opt/airflow/dags/sales_batch_etl.py for tasks to queue
[2025-07-21T02:53:37.206+0000] {logging_mixin.py:188} INFO - [2025-07-21T02:53:37.205+0000] {dagbag.py:538} INFO - Filling up the DagBag from /opt/airflow/dags/sales_batch_etl.py
[2025-07-21T02:53:37.242+0000] {processor.py:840} INFO - DAG(s) 'sales_batch_etl' retrieved from /opt/airflow/dags/sales_batch_etl.py
[2025-07-21T02:53:37.282+0000] {logging_mixin.py:188} INFO - [2025-07-21T02:53:37.282+0000] {dag.py:3036} INFO - Sync 1 DAGs
[2025-07-21T02:53:37.326+0000] {logging_mixin.py:188} INFO - [2025-07-21T02:53:37.325+0000] {dag.py:3823} INFO - Setting next_dagrun for sales_batch_etl to 2025-07-21 00:00:00+00:00, run_after=2025-07-22 00:00:00+00:00
[2025-07-21T02:53:37.382+0000] {processor.py:183} INFO - Processing /opt/airflow/dags/sales_batch_etl.py took 0.192 seconds
[2025-07-21T03:25:11.228+0000] {processor.py:161} INFO - Started process (PID=14068) to work on /opt/airflow/dags/sales_batch_etl.py
[2025-07-21T03:25:11.291+0000] {processor.py:830} INFO - Processing file /opt/airflow/dags/sales_batch_etl.py for tasks to queue
[2025-07-21T03:25:11.293+0000] {logging_mixin.py:188} INFO - [2025-07-21T03:25:11.292+0000] {dagbag.py:538} INFO - Filling up the DagBag from /opt/airflow/dags/sales_batch_etl.py
[2025-07-21T03:25:11.352+0000] {processor.py:840} INFO - DAG(s) 'sales_batch_etl' retrieved from /opt/airflow/dags/sales_batch_etl.py
[2025-07-21T03:25:11.555+0000] {logging_mixin.py:188} INFO - [2025-07-21T03:25:11.555+0000] {dag.py:3036} INFO - Sync 1 DAGs
[2025-07-21T03:25:11.645+0000] {logging_mixin.py:188} INFO - [2025-07-21T03:25:11.644+0000] {dag.py:3823} INFO - Setting next_dagrun for sales_batch_etl to 2025-07-21 00:00:00+00:00, run_after=2025-07-22 00:00:00+00:00
[2025-07-21T03:25:11.664+0000] {processor.py:183} INFO - Processing /opt/airflow/dags/sales_batch_etl.py took 0.460 seconds
[2025-07-21T03:54:27.031+0000] {processor.py:161} INFO - Started process (PID=14073) to work on /opt/airflow/dags/sales_batch_etl.py
[2025-07-21T03:54:27.033+0000] {processor.py:830} INFO - Processing file /opt/airflow/dags/sales_batch_etl.py for tasks to queue
[2025-07-21T03:54:27.034+0000] {logging_mixin.py:188} INFO - [2025-07-21T03:54:27.034+0000] {dagbag.py:538} INFO - Filling up the DagBag from /opt/airflow/dags/sales_batch_etl.py
[2025-07-21T03:54:27.065+0000] {processor.py:840} INFO - DAG(s) 'sales_batch_etl' retrieved from /opt/airflow/dags/sales_batch_etl.py
[2025-07-21T03:54:27.110+0000] {logging_mixin.py:188} INFO - [2025-07-21T03:54:27.110+0000] {dag.py:3036} INFO - Sync 1 DAGs
[2025-07-21T03:54:27.133+0000] {logging_mixin.py:188} INFO - [2025-07-21T03:54:27.132+0000] {dag.py:3823} INFO - Setting next_dagrun for sales_batch_etl to 2025-07-21 00:00:00+00:00, run_after=2025-07-22 00:00:00+00:00
[2025-07-21T03:54:27.152+0000] {processor.py:183} INFO - Processing /opt/airflow/dags/sales_batch_etl.py took 0.130 seconds
[2025-07-21T04:06:34.875+0000] {processor.py:161} INFO - Started process (PID=14078) to work on /opt/airflow/dags/sales_batch_etl.py
[2025-07-21T04:06:34.876+0000] {processor.py:830} INFO - Processing file /opt/airflow/dags/sales_batch_etl.py for tasks to queue
[2025-07-21T04:06:34.880+0000] {logging_mixin.py:188} INFO - [2025-07-21T04:06:34.879+0000] {dagbag.py:538} INFO - Filling up the DagBag from /opt/airflow/dags/sales_batch_etl.py
[2025-07-21T04:06:34.925+0000] {processor.py:840} INFO - DAG(s) 'sales_batch_etl' retrieved from /opt/airflow/dags/sales_batch_etl.py
[2025-07-21T04:06:34.958+0000] {logging_mixin.py:188} INFO - [2025-07-21T04:06:34.957+0000] {dag.py:3036} INFO - Sync 1 DAGs
[2025-07-21T04:06:35.005+0000] {logging_mixin.py:188} INFO - [2025-07-21T04:06:35.004+0000] {dag.py:3823} INFO - Setting next_dagrun for sales_batch_etl to 2025-07-21 00:00:00+00:00, run_after=2025-07-22 00:00:00+00:00
[2025-07-21T04:06:35.057+0000] {processor.py:183} INFO - Processing /opt/airflow/dags/sales_batch_etl.py took 0.189 seconds
[2025-07-21T04:08:04.205+0000] {processor.py:161} INFO - Started process (PID=14083) to work on /opt/airflow/dags/sales_batch_etl.py
[2025-07-21T04:08:04.207+0000] {processor.py:830} INFO - Processing file /opt/airflow/dags/sales_batch_etl.py for tasks to queue
[2025-07-21T04:08:04.208+0000] {logging_mixin.py:188} INFO - [2025-07-21T04:08:04.208+0000] {dagbag.py:538} INFO - Filling up the DagBag from /opt/airflow/dags/sales_batch_etl.py
[2025-07-21T04:08:04.248+0000] {processor.py:840} INFO - DAG(s) 'sales_batch_etl' retrieved from /opt/airflow/dags/sales_batch_etl.py
[2025-07-21T04:08:04.284+0000] {logging_mixin.py:188} INFO - [2025-07-21T04:08:04.284+0000] {dag.py:3036} INFO - Sync 1 DAGs
[2025-07-21T04:08:04.305+0000] {logging_mixin.py:188} INFO - [2025-07-21T04:08:04.304+0000] {dag.py:3823} INFO - Setting next_dagrun for sales_batch_etl to 2025-07-21 00:00:00+00:00, run_after=2025-07-22 00:00:00+00:00
[2025-07-21T04:08:04.325+0000] {processor.py:183} INFO - Processing /opt/airflow/dags/sales_batch_etl.py took 0.130 seconds
[2025-07-21T04:47:39.684+0000] {processor.py:161} INFO - Started process (PID=14088) to work on /opt/airflow/dags/sales_batch_etl.py
[2025-07-21T04:47:39.686+0000] {processor.py:830} INFO - Processing file /opt/airflow/dags/sales_batch_etl.py for tasks to queue
[2025-07-21T04:47:39.688+0000] {logging_mixin.py:188} INFO - [2025-07-21T04:47:39.687+0000] {dagbag.py:538} INFO - Filling up the DagBag from /opt/airflow/dags/sales_batch_etl.py
[2025-07-21T04:47:39.763+0000] {processor.py:840} INFO - DAG(s) 'sales_batch_etl' retrieved from /opt/airflow/dags/sales_batch_etl.py
[2025-07-21T04:47:39.865+0000] {logging_mixin.py:188} INFO - [2025-07-21T04:47:39.864+0000] {dag.py:3036} INFO - Sync 1 DAGs
[2025-07-21T04:47:39.959+0000] {logging_mixin.py:188} INFO - [2025-07-21T04:47:39.958+0000] {dag.py:3823} INFO - Setting next_dagrun for sales_batch_etl to 2025-07-21 00:00:00+00:00, run_after=2025-07-22 00:00:00+00:00
[2025-07-21T04:47:40.019+0000] {processor.py:183} INFO - Processing /opt/airflow/dags/sales_batch_etl.py took 0.342 seconds
[2025-07-21T05:06:34.598+0000] {processor.py:161} INFO - Started process (PID=14095) to work on /opt/airflow/dags/sales_batch_etl.py
[2025-07-21T05:06:34.600+0000] {processor.py:830} INFO - Processing file /opt/airflow/dags/sales_batch_etl.py for tasks to queue
[2025-07-21T05:06:34.603+0000] {logging_mixin.py:188} INFO - [2025-07-21T05:06:34.602+0000] {dagbag.py:538} INFO - Filling up the DagBag from /opt/airflow/dags/sales_batch_etl.py
[2025-07-21T05:06:34.654+0000] {processor.py:840} INFO - DAG(s) 'sales_batch_etl' retrieved from /opt/airflow/dags/sales_batch_etl.py
[2025-07-21T05:06:34.803+0000] {logging_mixin.py:188} INFO - [2025-07-21T05:06:34.803+0000] {dag.py:3036} INFO - Sync 1 DAGs
[2025-07-21T05:06:34.883+0000] {logging_mixin.py:188} INFO - [2025-07-21T05:06:34.883+0000] {dag.py:3823} INFO - Setting next_dagrun for sales_batch_etl to 2025-07-21 00:00:00+00:00, run_after=2025-07-22 00:00:00+00:00
[2025-07-21T05:06:34.935+0000] {processor.py:183} INFO - Processing /opt/airflow/dags/sales_batch_etl.py took 0.354 seconds
[2025-07-21T05:28:05.332+0000] {processor.py:161} INFO - Started process (PID=14100) to work on /opt/airflow/dags/sales_batch_etl.py
[2025-07-21T05:28:05.333+0000] {processor.py:830} INFO - Processing file /opt/airflow/dags/sales_batch_etl.py for tasks to queue
[2025-07-21T05:28:05.335+0000] {logging_mixin.py:188} INFO - [2025-07-21T05:28:05.334+0000] {dagbag.py:538} INFO - Filling up the DagBag from /opt/airflow/dags/sales_batch_etl.py
[2025-07-21T05:28:05.375+0000] {processor.py:840} INFO - DAG(s) 'sales_batch_etl' retrieved from /opt/airflow/dags/sales_batch_etl.py
[2025-07-21T05:28:05.418+0000] {logging_mixin.py:188} INFO - [2025-07-21T05:28:05.418+0000] {dag.py:3036} INFO - Sync 1 DAGs
[2025-07-21T05:28:05.441+0000] {logging_mixin.py:188} INFO - [2025-07-21T05:28:05.440+0000] {dag.py:3823} INFO - Setting next_dagrun for sales_batch_etl to 2025-07-21 00:00:00+00:00, run_after=2025-07-22 00:00:00+00:00
[2025-07-21T05:28:05.455+0000] {processor.py:183} INFO - Processing /opt/airflow/dags/sales_batch_etl.py took 0.131 seconds
[2025-07-21T06:00:50.483+0000] {processor.py:161} INFO - Started process (PID=14105) to work on /opt/airflow/dags/sales_batch_etl.py
[2025-07-21T06:00:50.484+0000] {processor.py:830} INFO - Processing file /opt/airflow/dags/sales_batch_etl.py for tasks to queue
[2025-07-21T06:00:50.486+0000] {logging_mixin.py:188} INFO - [2025-07-21T06:00:50.485+0000] {dagbag.py:538} INFO - Filling up the DagBag from /opt/airflow/dags/sales_batch_etl.py
[2025-07-21T06:00:50.520+0000] {processor.py:840} INFO - DAG(s) 'sales_batch_etl' retrieved from /opt/airflow/dags/sales_batch_etl.py
[2025-07-21T06:00:50.575+0000] {logging_mixin.py:188} INFO - [2025-07-21T06:00:50.572+0000] {dag.py:3036} INFO - Sync 1 DAGs
[2025-07-21T06:00:50.671+0000] {logging_mixin.py:188} INFO - [2025-07-21T06:00:50.671+0000] {dag.py:3823} INFO - Setting next_dagrun for sales_batch_etl to 2025-07-21 00:00:00+00:00, run_after=2025-07-22 00:00:00+00:00
[2025-07-21T06:00:50.708+0000] {processor.py:183} INFO - Processing /opt/airflow/dags/sales_batch_etl.py took 0.231 seconds
[2025-07-21T06:03:01.839+0000] {processor.py:161} INFO - Started process (PID=14110) to work on /opt/airflow/dags/sales_batch_etl.py
[2025-07-21T06:03:01.842+0000] {processor.py:830} INFO - Processing file /opt/airflow/dags/sales_batch_etl.py for tasks to queue
[2025-07-21T06:03:01.844+0000] {logging_mixin.py:188} INFO - [2025-07-21T06:03:01.843+0000] {dagbag.py:538} INFO - Filling up the DagBag from /opt/airflow/dags/sales_batch_etl.py
[2025-07-21T06:03:01.884+0000] {processor.py:840} INFO - DAG(s) 'sales_batch_etl' retrieved from /opt/airflow/dags/sales_batch_etl.py
[2025-07-21T06:03:01.940+0000] {logging_mixin.py:188} INFO - [2025-07-21T06:03:01.940+0000] {dag.py:3036} INFO - Sync 1 DAGs
[2025-07-21T06:03:01.966+0000] {logging_mixin.py:188} INFO - [2025-07-21T06:03:01.966+0000] {dag.py:3823} INFO - Setting next_dagrun for sales_batch_etl to 2025-07-21 00:00:00+00:00, run_after=2025-07-22 00:00:00+00:00
[2025-07-21T06:03:01.981+0000] {processor.py:183} INFO - Processing /opt/airflow/dags/sales_batch_etl.py took 0.163 seconds
[2025-07-21T06:27:25.732+0000] {processor.py:161} INFO - Started process (PID=14115) to work on /opt/airflow/dags/sales_batch_etl.py
[2025-07-21T06:27:25.742+0000] {processor.py:830} INFO - Processing file /opt/airflow/dags/sales_batch_etl.py for tasks to queue
[2025-07-21T06:27:25.750+0000] {logging_mixin.py:188} INFO - [2025-07-21T06:27:25.749+0000] {dagbag.py:538} INFO - Filling up the DagBag from /opt/airflow/dags/sales_batch_etl.py
[2025-07-21T06:27:25.803+0000] {processor.py:840} INFO - DAG(s) 'sales_batch_etl' retrieved from /opt/airflow/dags/sales_batch_etl.py
[2025-07-21T06:27:25.923+0000] {logging_mixin.py:188} INFO - [2025-07-21T06:27:25.922+0000] {dag.py:3036} INFO - Sync 1 DAGs
[2025-07-21T06:27:26.001+0000] {logging_mixin.py:188} INFO - [2025-07-21T06:27:26.000+0000] {dag.py:3823} INFO - Setting next_dagrun for sales_batch_etl to 2025-07-21 00:00:00+00:00, run_after=2025-07-22 00:00:00+00:00
[2025-07-21T06:27:26.059+0000] {processor.py:183} INFO - Processing /opt/airflow/dags/sales_batch_etl.py took 0.337 seconds
[2025-07-21T06:52:19.305+0000] {processor.py:161} INFO - Started process (PID=14122) to work on /opt/airflow/dags/sales_batch_etl.py
[2025-07-21T06:52:19.307+0000] {processor.py:830} INFO - Processing file /opt/airflow/dags/sales_batch_etl.py for tasks to queue
[2025-07-21T06:52:19.309+0000] {logging_mixin.py:188} INFO - [2025-07-21T06:52:19.308+0000] {dagbag.py:538} INFO - Filling up the DagBag from /opt/airflow/dags/sales_batch_etl.py
[2025-07-21T06:52:19.338+0000] {processor.py:840} INFO - DAG(s) 'sales_batch_etl' retrieved from /opt/airflow/dags/sales_batch_etl.py
[2025-07-21T06:52:19.383+0000] {logging_mixin.py:188} INFO - [2025-07-21T06:52:19.383+0000] {dag.py:3036} INFO - Sync 1 DAGs
[2025-07-21T06:52:19.405+0000] {logging_mixin.py:188} INFO - [2025-07-21T06:52:19.405+0000] {dag.py:3823} INFO - Setting next_dagrun for sales_batch_etl to 2025-07-21 00:00:00+00:00, run_after=2025-07-22 00:00:00+00:00
[2025-07-21T06:52:19.425+0000] {processor.py:183} INFO - Processing /opt/airflow/dags/sales_batch_etl.py took 0.128 seconds
[2025-07-21T06:57:52.280+0000] {processor.py:161} INFO - Started process (PID=14127) to work on /opt/airflow/dags/sales_batch_etl.py
[2025-07-21T06:57:52.285+0000] {processor.py:830} INFO - Processing file /opt/airflow/dags/sales_batch_etl.py for tasks to queue
[2025-07-21T06:57:52.294+0000] {logging_mixin.py:188} INFO - [2025-07-21T06:57:52.293+0000] {dagbag.py:538} INFO - Filling up the DagBag from /opt/airflow/dags/sales_batch_etl.py
[2025-07-21T06:57:52.358+0000] {processor.py:840} INFO - DAG(s) 'sales_batch_etl' retrieved from /opt/airflow/dags/sales_batch_etl.py
[2025-07-21T06:57:52.772+0000] {logging_mixin.py:188} INFO - [2025-07-21T06:57:52.771+0000] {dag.py:3036} INFO - Sync 1 DAGs
[2025-07-21T06:57:52.873+0000] {logging_mixin.py:188} INFO - [2025-07-21T06:57:52.873+0000] {dag.py:3823} INFO - Setting next_dagrun for sales_batch_etl to 2025-07-21 00:00:00+00:00, run_after=2025-07-22 00:00:00+00:00
[2025-07-21T06:57:52.913+0000] {processor.py:183} INFO - Processing /opt/airflow/dags/sales_batch_etl.py took 0.649 seconds
[2025-07-21T07:23:57.099+0000] {processor.py:161} INFO - Started process (PID=14132) to work on /opt/airflow/dags/sales_batch_etl.py
[2025-07-21T07:23:57.101+0000] {processor.py:830} INFO - Processing file /opt/airflow/dags/sales_batch_etl.py for tasks to queue
[2025-07-21T07:23:57.103+0000] {logging_mixin.py:188} INFO - [2025-07-21T07:23:57.102+0000] {dagbag.py:538} INFO - Filling up the DagBag from /opt/airflow/dags/sales_batch_etl.py
[2025-07-21T07:23:57.135+0000] {processor.py:840} INFO - DAG(s) 'sales_batch_etl' retrieved from /opt/airflow/dags/sales_batch_etl.py
[2025-07-21T07:23:57.167+0000] {logging_mixin.py:188} INFO - [2025-07-21T07:23:57.167+0000] {dag.py:3036} INFO - Sync 1 DAGs
[2025-07-21T07:23:57.190+0000] {logging_mixin.py:188} INFO - [2025-07-21T07:23:57.189+0000] {dag.py:3823} INFO - Setting next_dagrun for sales_batch_etl to 2025-07-21 00:00:00+00:00, run_after=2025-07-22 00:00:00+00:00
[2025-07-21T07:23:57.204+0000] {processor.py:183} INFO - Processing /opt/airflow/dags/sales_batch_etl.py took 0.113 seconds
[2025-07-21T07:38:08.853+0000] {processor.py:161} INFO - Started process (PID=14137) to work on /opt/airflow/dags/sales_batch_etl.py
[2025-07-21T07:38:08.856+0000] {processor.py:830} INFO - Processing file /opt/airflow/dags/sales_batch_etl.py for tasks to queue
[2025-07-21T07:38:08.859+0000] {logging_mixin.py:188} INFO - [2025-07-21T07:38:08.858+0000] {dagbag.py:538} INFO - Filling up the DagBag from /opt/airflow/dags/sales_batch_etl.py
[2025-07-21T07:38:08.925+0000] {processor.py:840} INFO - DAG(s) 'sales_batch_etl' retrieved from /opt/airflow/dags/sales_batch_etl.py
[2025-07-21T07:38:09.073+0000] {logging_mixin.py:188} INFO - [2025-07-21T07:38:09.072+0000] {dag.py:3036} INFO - Sync 1 DAGs
[2025-07-21T07:38:09.153+0000] {logging_mixin.py:188} INFO - [2025-07-21T07:38:09.152+0000] {dag.py:3823} INFO - Setting next_dagrun for sales_batch_etl to 2025-07-21 00:00:00+00:00, run_after=2025-07-22 00:00:00+00:00
[2025-07-21T07:38:09.206+0000] {processor.py:183} INFO - Processing /opt/airflow/dags/sales_batch_etl.py took 0.370 seconds
[2025-07-21T07:47:12.154+0000] {processor.py:161} INFO - Started process (PID=14142) to work on /opt/airflow/dags/sales_batch_etl.py
[2025-07-21T07:47:12.228+0000] {processor.py:830} INFO - Processing file /opt/airflow/dags/sales_batch_etl.py for tasks to queue
[2025-07-21T07:47:12.231+0000] {logging_mixin.py:188} INFO - [2025-07-21T07:47:12.229+0000] {dagbag.py:538} INFO - Filling up the DagBag from /opt/airflow/dags/sales_batch_etl.py
[2025-07-21T07:47:12.281+0000] {processor.py:840} INFO - DAG(s) 'sales_batch_etl' retrieved from /opt/airflow/dags/sales_batch_etl.py
[2025-07-21T07:47:12.337+0000] {logging_mixin.py:188} INFO - [2025-07-21T07:47:12.336+0000] {dag.py:3036} INFO - Sync 1 DAGs
[2025-07-21T07:47:12.387+0000] {logging_mixin.py:188} INFO - [2025-07-21T07:47:12.387+0000] {dag.py:3823} INFO - Setting next_dagrun for sales_batch_etl to 2025-07-21 00:00:00+00:00, run_after=2025-07-22 00:00:00+00:00
[2025-07-21T07:47:12.403+0000] {processor.py:183} INFO - Processing /opt/airflow/dags/sales_batch_etl.py took 0.370 seconds
[2025-07-21T07:53:07.792+0000] {processor.py:161} INFO - Started process (PID=14147) to work on /opt/airflow/dags/sales_batch_etl.py
[2025-07-21T07:53:07.813+0000] {processor.py:830} INFO - Processing file /opt/airflow/dags/sales_batch_etl.py for tasks to queue
[2025-07-21T07:53:07.820+0000] {logging_mixin.py:188} INFO - [2025-07-21T07:53:07.817+0000] {dagbag.py:538} INFO - Filling up the DagBag from /opt/airflow/dags/sales_batch_etl.py
[2025-07-21T07:53:07.928+0000] {processor.py:840} INFO - DAG(s) 'sales_batch_etl' retrieved from /opt/airflow/dags/sales_batch_etl.py
[2025-07-21T07:53:08.024+0000] {logging_mixin.py:188} INFO - [2025-07-21T07:53:08.023+0000] {dag.py:3036} INFO - Sync 1 DAGs
[2025-07-21T07:53:08.041+0000] {logging_mixin.py:188} INFO - [2025-07-21T07:53:08.041+0000] {dag.py:3823} INFO - Setting next_dagrun for sales_batch_etl to 2025-07-21 00:00:00+00:00, run_after=2025-07-22 00:00:00+00:00
[2025-07-21T07:53:08.066+0000] {processor.py:183} INFO - Processing /opt/airflow/dags/sales_batch_etl.py took 0.300 seconds
[2025-07-21T08:01:59.934+0000] {processor.py:161} INFO - Started process (PID=14154) to work on /opt/airflow/dags/sales_batch_etl.py
[2025-07-21T08:01:59.936+0000] {processor.py:830} INFO - Processing file /opt/airflow/dags/sales_batch_etl.py for tasks to queue
[2025-07-21T08:01:59.937+0000] {logging_mixin.py:188} INFO - [2025-07-21T08:01:59.937+0000] {dagbag.py:538} INFO - Filling up the DagBag from /opt/airflow/dags/sales_batch_etl.py
[2025-07-21T08:01:59.962+0000] {processor.py:840} INFO - DAG(s) 'sales_batch_etl' retrieved from /opt/airflow/dags/sales_batch_etl.py
[2025-07-21T08:02:00.006+0000] {logging_mixin.py:188} INFO - [2025-07-21T08:02:00.006+0000] {dag.py:3036} INFO - Sync 1 DAGs
[2025-07-21T08:02:00.073+0000] {logging_mixin.py:188} INFO - [2025-07-21T08:02:00.073+0000] {dag.py:3823} INFO - Setting next_dagrun for sales_batch_etl to 2025-07-21 00:00:00+00:00, run_after=2025-07-22 00:00:00+00:00
[2025-07-21T08:02:00.161+0000] {processor.py:183} INFO - Processing /opt/airflow/dags/sales_batch_etl.py took 0.235 seconds
[2025-07-21T08:17:12.772+0000] {processor.py:161} INFO - Started process (PID=14159) to work on /opt/airflow/dags/sales_batch_etl.py
[2025-07-21T08:17:12.774+0000] {processor.py:830} INFO - Processing file /opt/airflow/dags/sales_batch_etl.py for tasks to queue
[2025-07-21T08:17:12.777+0000] {logging_mixin.py:188} INFO - [2025-07-21T08:17:12.776+0000] {dagbag.py:538} INFO - Filling up the DagBag from /opt/airflow/dags/sales_batch_etl.py
[2025-07-21T08:17:12.847+0000] {processor.py:840} INFO - DAG(s) 'sales_batch_etl' retrieved from /opt/airflow/dags/sales_batch_etl.py
[2025-07-21T08:17:12.946+0000] {logging_mixin.py:188} INFO - [2025-07-21T08:17:12.945+0000] {dag.py:3036} INFO - Sync 1 DAGs
[2025-07-21T08:17:13.017+0000] {logging_mixin.py:188} INFO - [2025-07-21T08:17:13.016+0000] {dag.py:3823} INFO - Setting next_dagrun for sales_batch_etl to 2025-07-21 00:00:00+00:00, run_after=2025-07-22 00:00:00+00:00
[2025-07-21T08:17:13.056+0000] {processor.py:183} INFO - Processing /opt/airflow/dags/sales_batch_etl.py took 0.292 seconds
[2025-07-21T08:29:23.897+0000] {processor.py:161} INFO - Started process (PID=14164) to work on /opt/airflow/dags/sales_batch_etl.py
[2025-07-21T08:29:23.900+0000] {processor.py:830} INFO - Processing file /opt/airflow/dags/sales_batch_etl.py for tasks to queue
[2025-07-21T08:29:23.907+0000] {logging_mixin.py:188} INFO - [2025-07-21T08:29:23.904+0000] {dagbag.py:538} INFO - Filling up the DagBag from /opt/airflow/dags/sales_batch_etl.py
[2025-07-21T08:29:23.974+0000] {processor.py:840} INFO - DAG(s) 'sales_batch_etl' retrieved from /opt/airflow/dags/sales_batch_etl.py
[2025-07-21T08:29:24.094+0000] {logging_mixin.py:188} INFO - [2025-07-21T08:29:24.094+0000] {dag.py:3036} INFO - Sync 1 DAGs
[2025-07-21T08:29:24.169+0000] {logging_mixin.py:188} INFO - [2025-07-21T08:29:24.168+0000] {dag.py:3823} INFO - Setting next_dagrun for sales_batch_etl to 2025-07-21 00:00:00+00:00, run_after=2025-07-22 00:00:00+00:00
[2025-07-21T08:29:24.220+0000] {processor.py:183} INFO - Processing /opt/airflow/dags/sales_batch_etl.py took 0.332 seconds
[2025-07-21T08:37:44.565+0000] {processor.py:161} INFO - Started process (PID=14169) to work on /opt/airflow/dags/sales_batch_etl.py
[2025-07-21T08:37:44.567+0000] {processor.py:830} INFO - Processing file /opt/airflow/dags/sales_batch_etl.py for tasks to queue
[2025-07-21T08:37:44.569+0000] {logging_mixin.py:188} INFO - [2025-07-21T08:37:44.569+0000] {dagbag.py:538} INFO - Filling up the DagBag from /opt/airflow/dags/sales_batch_etl.py
[2025-07-21T08:37:44.594+0000] {processor.py:840} INFO - DAG(s) 'sales_batch_etl' retrieved from /opt/airflow/dags/sales_batch_etl.py
[2025-07-21T08:37:44.749+0000] {logging_mixin.py:188} INFO - [2025-07-21T08:37:44.749+0000] {dag.py:3036} INFO - Sync 1 DAGs
[2025-07-21T08:37:44.880+0000] {logging_mixin.py:188} INFO - [2025-07-21T08:37:44.880+0000] {dag.py:3823} INFO - Setting next_dagrun for sales_batch_etl to 2025-07-21 00:00:00+00:00, run_after=2025-07-22 00:00:00+00:00
[2025-07-21T08:37:45.001+0000] {processor.py:183} INFO - Processing /opt/airflow/dags/sales_batch_etl.py took 0.441 seconds
[2025-07-21T08:43:18.631+0000] {processor.py:161} INFO - Started process (PID=14174) to work on /opt/airflow/dags/sales_batch_etl.py
[2025-07-21T08:43:18.633+0000] {processor.py:830} INFO - Processing file /opt/airflow/dags/sales_batch_etl.py for tasks to queue
[2025-07-21T08:43:18.634+0000] {logging_mixin.py:188} INFO - [2025-07-21T08:43:18.634+0000] {dagbag.py:538} INFO - Filling up the DagBag from /opt/airflow/dags/sales_batch_etl.py
[2025-07-21T08:43:18.672+0000] {processor.py:840} INFO - DAG(s) 'sales_batch_etl' retrieved from /opt/airflow/dags/sales_batch_etl.py
[2025-07-21T08:43:18.720+0000] {logging_mixin.py:188} INFO - [2025-07-21T08:43:18.720+0000] {dag.py:3036} INFO - Sync 1 DAGs
[2025-07-21T08:43:18.752+0000] {logging_mixin.py:188} INFO - [2025-07-21T08:43:18.752+0000] {dag.py:3823} INFO - Setting next_dagrun for sales_batch_etl to 2025-07-21 00:00:00+00:00, run_after=2025-07-22 00:00:00+00:00
[2025-07-21T08:43:18.766+0000] {processor.py:183} INFO - Processing /opt/airflow/dags/sales_batch_etl.py took 0.144 seconds
[2025-07-21T08:55:51.758+0000] {processor.py:161} INFO - Started process (PID=14181) to work on /opt/airflow/dags/sales_batch_etl.py
[2025-07-21T08:55:51.760+0000] {processor.py:830} INFO - Processing file /opt/airflow/dags/sales_batch_etl.py for tasks to queue
[2025-07-21T08:55:51.762+0000] {logging_mixin.py:188} INFO - [2025-07-21T08:55:51.761+0000] {dagbag.py:538} INFO - Filling up the DagBag from /opt/airflow/dags/sales_batch_etl.py
[2025-07-21T08:55:51.807+0000] {processor.py:840} INFO - DAG(s) 'sales_batch_etl' retrieved from /opt/airflow/dags/sales_batch_etl.py
[2025-07-21T08:55:51.843+0000] {logging_mixin.py:188} INFO - [2025-07-21T08:55:51.843+0000] {dag.py:3036} INFO - Sync 1 DAGs
[2025-07-21T08:55:51.868+0000] {logging_mixin.py:188} INFO - [2025-07-21T08:55:51.868+0000] {dag.py:3823} INFO - Setting next_dagrun for sales_batch_etl to 2025-07-21 00:00:00+00:00, run_after=2025-07-22 00:00:00+00:00
[2025-07-21T08:55:51.887+0000] {processor.py:183} INFO - Processing /opt/airflow/dags/sales_batch_etl.py took 0.136 seconds
[2025-07-21T09:03:57.069+0000] {processor.py:161} INFO - Started process (PID=14186) to work on /opt/airflow/dags/sales_batch_etl.py
[2025-07-21T09:03:57.076+0000] {processor.py:830} INFO - Processing file /opt/airflow/dags/sales_batch_etl.py for tasks to queue
[2025-07-21T09:03:57.078+0000] {logging_mixin.py:188} INFO - [2025-07-21T09:03:57.077+0000] {dagbag.py:538} INFO - Filling up the DagBag from /opt/airflow/dags/sales_batch_etl.py
[2025-07-21T09:03:57.125+0000] {processor.py:840} INFO - DAG(s) 'sales_batch_etl' retrieved from /opt/airflow/dags/sales_batch_etl.py
[2025-07-21T09:03:57.248+0000] {logging_mixin.py:188} INFO - [2025-07-21T09:03:57.248+0000] {dag.py:3036} INFO - Sync 1 DAGs
[2025-07-21T09:03:57.321+0000] {logging_mixin.py:188} INFO - [2025-07-21T09:03:57.320+0000] {dag.py:3823} INFO - Setting next_dagrun for sales_batch_etl to 2025-07-21 00:00:00+00:00, run_after=2025-07-22 00:00:00+00:00
[2025-07-21T09:03:57.362+0000] {processor.py:183} INFO - Processing /opt/airflow/dags/sales_batch_etl.py took 0.305 seconds
[2025-07-21T09:16:28.549+0000] {processor.py:161} INFO - Started process (PID=14191) to work on /opt/airflow/dags/sales_batch_etl.py
[2025-07-21T09:16:28.553+0000] {processor.py:830} INFO - Processing file /opt/airflow/dags/sales_batch_etl.py for tasks to queue
[2025-07-21T09:16:28.556+0000] {logging_mixin.py:188} INFO - [2025-07-21T09:16:28.555+0000] {dagbag.py:538} INFO - Filling up the DagBag from /opt/airflow/dags/sales_batch_etl.py
[2025-07-21T09:16:28.628+0000] {processor.py:840} INFO - DAG(s) 'sales_batch_etl' retrieved from /opt/airflow/dags/sales_batch_etl.py
[2025-07-21T09:16:28.741+0000] {logging_mixin.py:188} INFO - [2025-07-21T09:16:28.741+0000] {dag.py:3036} INFO - Sync 1 DAGs
[2025-07-21T09:16:28.791+0000] {logging_mixin.py:188} INFO - [2025-07-21T09:16:28.791+0000] {dag.py:3823} INFO - Setting next_dagrun for sales_batch_etl to 2025-07-21 00:00:00+00:00, run_after=2025-07-22 00:00:00+00:00
[2025-07-21T09:16:28.836+0000] {processor.py:183} INFO - Processing /opt/airflow/dags/sales_batch_etl.py took 0.305 seconds
[2025-07-21T09:28:03.506+0000] {processor.py:161} INFO - Started process (PID=14196) to work on /opt/airflow/dags/sales_batch_etl.py
[2025-07-21T09:28:03.511+0000] {processor.py:830} INFO - Processing file /opt/airflow/dags/sales_batch_etl.py for tasks to queue
[2025-07-21T09:28:03.515+0000] {logging_mixin.py:188} INFO - [2025-07-21T09:28:03.513+0000] {dagbag.py:538} INFO - Filling up the DagBag from /opt/airflow/dags/sales_batch_etl.py
[2025-07-21T09:28:03.578+0000] {processor.py:840} INFO - DAG(s) 'sales_batch_etl' retrieved from /opt/airflow/dags/sales_batch_etl.py
[2025-07-21T09:28:03.686+0000] {logging_mixin.py:188} INFO - [2025-07-21T09:28:03.686+0000] {dag.py:3036} INFO - Sync 1 DAGs
[2025-07-21T09:28:03.737+0000] {logging_mixin.py:188} INFO - [2025-07-21T09:28:03.737+0000] {dag.py:3823} INFO - Setting next_dagrun for sales_batch_etl to 2025-07-21 00:00:00+00:00, run_after=2025-07-22 00:00:00+00:00
[2025-07-21T09:28:03.778+0000] {processor.py:183} INFO - Processing /opt/airflow/dags/sales_batch_etl.py took 0.289 seconds
[2025-07-21T09:48:43.026+0000] {processor.py:161} INFO - Started process (PID=14201) to work on /opt/airflow/dags/sales_batch_etl.py
[2025-07-21T09:48:43.030+0000] {processor.py:830} INFO - Processing file /opt/airflow/dags/sales_batch_etl.py for tasks to queue
[2025-07-21T09:48:43.031+0000] {logging_mixin.py:188} INFO - [2025-07-21T09:48:43.031+0000] {dagbag.py:538} INFO - Filling up the DagBag from /opt/airflow/dags/sales_batch_etl.py
[2025-07-21T09:48:43.065+0000] {processor.py:840} INFO - DAG(s) 'sales_batch_etl' retrieved from /opt/airflow/dags/sales_batch_etl.py
[2025-07-21T09:48:43.117+0000] {logging_mixin.py:188} INFO - [2025-07-21T09:48:43.117+0000] {dag.py:3036} INFO - Sync 1 DAGs
[2025-07-21T09:48:43.152+0000] {logging_mixin.py:188} INFO - [2025-07-21T09:48:43.152+0000] {dag.py:3823} INFO - Setting next_dagrun for sales_batch_etl to 2025-07-21 00:00:00+00:00, run_after=2025-07-22 00:00:00+00:00
[2025-07-21T09:48:43.167+0000] {processor.py:183} INFO - Processing /opt/airflow/dags/sales_batch_etl.py took 0.149 seconds
[2025-07-21T10:21:54.258+0000] {processor.py:161} INFO - Started process (PID=14208) to work on /opt/airflow/dags/sales_batch_etl.py
[2025-07-21T10:21:54.262+0000] {processor.py:830} INFO - Processing file /opt/airflow/dags/sales_batch_etl.py for tasks to queue
[2025-07-21T10:21:54.265+0000] {logging_mixin.py:188} INFO - [2025-07-21T10:21:54.264+0000] {dagbag.py:538} INFO - Filling up the DagBag from /opt/airflow/dags/sales_batch_etl.py
[2025-07-21T10:21:54.342+0000] {processor.py:840} INFO - DAG(s) 'sales_batch_etl' retrieved from /opt/airflow/dags/sales_batch_etl.py
[2025-07-21T10:21:54.481+0000] {logging_mixin.py:188} INFO - [2025-07-21T10:21:54.480+0000] {dag.py:3036} INFO - Sync 1 DAGs
[2025-07-21T10:21:54.556+0000] {logging_mixin.py:188} INFO - [2025-07-21T10:21:54.554+0000] {dag.py:3823} INFO - Setting next_dagrun for sales_batch_etl to 2025-07-21 00:00:00+00:00, run_after=2025-07-22 00:00:00+00:00
[2025-07-21T10:21:54.628+0000] {processor.py:183} INFO - Processing /opt/airflow/dags/sales_batch_etl.py took 0.390 seconds
[2025-07-21T10:32:48.545+0000] {processor.py:161} INFO - Started process (PID=14213) to work on /opt/airflow/dags/sales_batch_etl.py
[2025-07-21T10:32:48.547+0000] {processor.py:830} INFO - Processing file /opt/airflow/dags/sales_batch_etl.py for tasks to queue
[2025-07-21T10:32:48.548+0000] {logging_mixin.py:188} INFO - [2025-07-21T10:32:48.548+0000] {dagbag.py:538} INFO - Filling up the DagBag from /opt/airflow/dags/sales_batch_etl.py
[2025-07-21T10:32:48.586+0000] {processor.py:840} INFO - DAG(s) 'sales_batch_etl' retrieved from /opt/airflow/dags/sales_batch_etl.py
[2025-07-21T10:32:48.635+0000] {logging_mixin.py:188} INFO - [2025-07-21T10:32:48.634+0000] {dag.py:3036} INFO - Sync 1 DAGs
[2025-07-21T10:32:48.658+0000] {logging_mixin.py:188} INFO - [2025-07-21T10:32:48.658+0000] {dag.py:3823} INFO - Setting next_dagrun for sales_batch_etl to 2025-07-21 00:00:00+00:00, run_after=2025-07-22 00:00:00+00:00
[2025-07-21T10:32:48.673+0000] {processor.py:183} INFO - Processing /opt/airflow/dags/sales_batch_etl.py took 0.145 seconds
[2025-07-21T10:53:24.744+0000] {processor.py:161} INFO - Started process (PID=14218) to work on /opt/airflow/dags/sales_batch_etl.py
[2025-07-21T10:53:24.746+0000] {processor.py:830} INFO - Processing file /opt/airflow/dags/sales_batch_etl.py for tasks to queue
[2025-07-21T10:53:24.749+0000] {logging_mixin.py:188} INFO - [2025-07-21T10:53:24.748+0000] {dagbag.py:538} INFO - Filling up the DagBag from /opt/airflow/dags/sales_batch_etl.py
[2025-07-21T10:53:24.818+0000] {processor.py:840} INFO - DAG(s) 'sales_batch_etl' retrieved from /opt/airflow/dags/sales_batch_etl.py
[2025-07-21T10:53:24.895+0000] {logging_mixin.py:188} INFO - [2025-07-21T10:53:24.895+0000] {dag.py:3036} INFO - Sync 1 DAGs
[2025-07-21T10:53:24.943+0000] {logging_mixin.py:188} INFO - [2025-07-21T10:53:24.942+0000] {dag.py:3823} INFO - Setting next_dagrun for sales_batch_etl to 2025-07-21 00:00:00+00:00, run_after=2025-07-22 00:00:00+00:00
[2025-07-21T10:53:25.015+0000] {processor.py:183} INFO - Processing /opt/airflow/dags/sales_batch_etl.py took 0.280 seconds
[2025-07-21T11:04:30.184+0000] {processor.py:161} INFO - Started process (PID=14223) to work on /opt/airflow/dags/sales_batch_etl.py
[2025-07-21T11:04:30.191+0000] {processor.py:830} INFO - Processing file /opt/airflow/dags/sales_batch_etl.py for tasks to queue
[2025-07-21T11:04:30.195+0000] {logging_mixin.py:188} INFO - [2025-07-21T11:04:30.194+0000] {dagbag.py:538} INFO - Filling up the DagBag from /opt/airflow/dags/sales_batch_etl.py
[2025-07-21T11:04:30.259+0000] {processor.py:840} INFO - DAG(s) 'sales_batch_etl' retrieved from /opt/airflow/dags/sales_batch_etl.py
[2025-07-21T11:04:30.364+0000] {logging_mixin.py:188} INFO - [2025-07-21T11:04:30.363+0000] {dag.py:3036} INFO - Sync 1 DAGs
[2025-07-21T11:04:30.432+0000] {logging_mixin.py:188} INFO - [2025-07-21T11:04:30.431+0000] {dag.py:3823} INFO - Setting next_dagrun for sales_batch_etl to 2025-07-21 00:00:00+00:00, run_after=2025-07-22 00:00:00+00:00
[2025-07-21T11:04:30.487+0000] {processor.py:183} INFO - Processing /opt/airflow/dags/sales_batch_etl.py took 0.315 seconds
[2025-07-21T11:29:23.316+0000] {processor.py:161} INFO - Started process (PID=14229) to work on /opt/airflow/dags/sales_batch_etl.py
[2025-07-21T11:29:23.317+0000] {processor.py:830} INFO - Processing file /opt/airflow/dags/sales_batch_etl.py for tasks to queue
[2025-07-21T11:29:23.319+0000] {logging_mixin.py:188} INFO - [2025-07-21T11:29:23.318+0000] {dagbag.py:538} INFO - Filling up the DagBag from /opt/airflow/dags/sales_batch_etl.py
[2025-07-21T11:29:23.353+0000] {processor.py:840} INFO - DAG(s) 'sales_batch_etl' retrieved from /opt/airflow/dags/sales_batch_etl.py
[2025-07-21T11:29:23.399+0000] {logging_mixin.py:188} INFO - [2025-07-21T11:29:23.398+0000] {dag.py:3036} INFO - Sync 1 DAGs
[2025-07-21T11:29:23.425+0000] {logging_mixin.py:188} INFO - [2025-07-21T11:29:23.425+0000] {dag.py:3823} INFO - Setting next_dagrun for sales_batch_etl to 2025-07-21 00:00:00+00:00, run_after=2025-07-22 00:00:00+00:00
[2025-07-21T11:29:23.448+0000] {processor.py:183} INFO - Processing /opt/airflow/dags/sales_batch_etl.py took 0.140 seconds
[2025-07-21T11:42:27.362+0000] {processor.py:161} INFO - Started process (PID=14235) to work on /opt/airflow/dags/sales_batch_etl.py
[2025-07-21T11:42:27.365+0000] {processor.py:830} INFO - Processing file /opt/airflow/dags/sales_batch_etl.py for tasks to queue
[2025-07-21T11:42:27.368+0000] {logging_mixin.py:188} INFO - [2025-07-21T11:42:27.367+0000] {dagbag.py:538} INFO - Filling up the DagBag from /opt/airflow/dags/sales_batch_etl.py
[2025-07-21T11:42:27.420+0000] {processor.py:840} INFO - DAG(s) 'sales_batch_etl' retrieved from /opt/airflow/dags/sales_batch_etl.py
[2025-07-21T11:42:27.551+0000] {logging_mixin.py:188} INFO - [2025-07-21T11:42:27.550+0000] {dag.py:3036} INFO - Sync 1 DAGs
[2025-07-21T11:42:27.625+0000] {logging_mixin.py:188} INFO - [2025-07-21T11:42:27.624+0000] {dag.py:3823} INFO - Setting next_dagrun for sales_batch_etl to 2025-07-21 00:00:00+00:00, run_after=2025-07-22 00:00:00+00:00
[2025-07-21T11:42:27.666+0000] {processor.py:183} INFO - Processing /opt/airflow/dags/sales_batch_etl.py took 0.324 seconds
[2025-07-21T11:48:00.153+0000] {processor.py:161} INFO - Started process (PID=14240) to work on /opt/airflow/dags/sales_batch_etl.py
[2025-07-21T11:48:00.161+0000] {processor.py:830} INFO - Processing file /opt/airflow/dags/sales_batch_etl.py for tasks to queue
[2025-07-21T11:48:00.166+0000] {logging_mixin.py:188} INFO - [2025-07-21T11:48:00.164+0000] {dagbag.py:538} INFO - Filling up the DagBag from /opt/airflow/dags/sales_batch_etl.py
[2025-07-21T11:48:00.192+0000] {processor.py:840} INFO - DAG(s) 'sales_batch_etl' retrieved from /opt/airflow/dags/sales_batch_etl.py
[2025-07-21T11:48:00.250+0000] {logging_mixin.py:188} INFO - [2025-07-21T11:48:00.249+0000] {dag.py:3036} INFO - Sync 1 DAGs
[2025-07-21T11:48:00.273+0000] {logging_mixin.py:188} INFO - [2025-07-21T11:48:00.273+0000] {dag.py:3823} INFO - Setting next_dagrun for sales_batch_etl to 2025-07-21 00:00:00+00:00, run_after=2025-07-22 00:00:00+00:00
[2025-07-21T11:48:00.288+0000] {processor.py:183} INFO - Processing /opt/airflow/dags/sales_batch_etl.py took 0.146 seconds
[2025-07-21T12:12:09.072+0000] {processor.py:161} INFO - Started process (PID=14245) to work on /opt/airflow/dags/sales_batch_etl.py
[2025-07-21T12:12:09.075+0000] {processor.py:830} INFO - Processing file /opt/airflow/dags/sales_batch_etl.py for tasks to queue
[2025-07-21T12:12:09.078+0000] {logging_mixin.py:188} INFO - [2025-07-21T12:12:09.078+0000] {dagbag.py:538} INFO - Filling up the DagBag from /opt/airflow/dags/sales_batch_etl.py
[2025-07-21T12:12:09.159+0000] {processor.py:840} INFO - DAG(s) 'sales_batch_etl' retrieved from /opt/airflow/dags/sales_batch_etl.py
[2025-07-21T12:12:09.234+0000] {logging_mixin.py:188} INFO - [2025-07-21T12:12:09.234+0000] {dag.py:3036} INFO - Sync 1 DAGs
[2025-07-21T12:12:09.256+0000] {logging_mixin.py:188} INFO - [2025-07-21T12:12:09.256+0000] {dag.py:3823} INFO - Setting next_dagrun for sales_batch_etl to 2025-07-21 00:00:00+00:00, run_after=2025-07-22 00:00:00+00:00
[2025-07-21T12:12:09.278+0000] {processor.py:183} INFO - Processing /opt/airflow/dags/sales_batch_etl.py took 0.226 seconds
[2025-07-21T12:35:39.947+0000] {processor.py:161} INFO - Started process (PID=14250) to work on /opt/airflow/dags/sales_batch_etl.py
[2025-07-21T12:35:39.950+0000] {processor.py:830} INFO - Processing file /opt/airflow/dags/sales_batch_etl.py for tasks to queue
[2025-07-21T12:35:39.953+0000] {logging_mixin.py:188} INFO - [2025-07-21T12:35:39.951+0000] {dagbag.py:538} INFO - Filling up the DagBag from /opt/airflow/dags/sales_batch_etl.py
[2025-07-21T12:35:40.035+0000] {processor.py:840} INFO - DAG(s) 'sales_batch_etl' retrieved from /opt/airflow/dags/sales_batch_etl.py
[2025-07-21T12:35:40.174+0000] {logging_mixin.py:188} INFO - [2025-07-21T12:35:40.174+0000] {dag.py:3036} INFO - Sync 1 DAGs
[2025-07-21T12:35:40.260+0000] {logging_mixin.py:188} INFO - [2025-07-21T12:35:40.259+0000] {dag.py:3823} INFO - Setting next_dagrun for sales_batch_etl to 2025-07-21 00:00:00+00:00, run_after=2025-07-22 00:00:00+00:00
[2025-07-21T12:35:40.326+0000] {processor.py:183} INFO - Processing /opt/airflow/dags/sales_batch_etl.py took 0.391 seconds
[2025-07-21T12:42:32.725+0000] {processor.py:161} INFO - Started process (PID=14255) to work on /opt/airflow/dags/sales_batch_etl.py
[2025-07-21T12:42:32.726+0000] {processor.py:830} INFO - Processing file /opt/airflow/dags/sales_batch_etl.py for tasks to queue
[2025-07-21T12:42:32.727+0000] {logging_mixin.py:188} INFO - [2025-07-21T12:42:32.726+0000] {dagbag.py:538} INFO - Filling up the DagBag from /opt/airflow/dags/sales_batch_etl.py
[2025-07-21T12:42:32.753+0000] {processor.py:840} INFO - DAG(s) 'sales_batch_etl' retrieved from /opt/airflow/dags/sales_batch_etl.py
[2025-07-21T12:42:32.785+0000] {logging_mixin.py:188} INFO - [2025-07-21T12:42:32.785+0000] {dag.py:3036} INFO - Sync 1 DAGs
[2025-07-21T12:42:32.803+0000] {logging_mixin.py:188} INFO - [2025-07-21T12:42:32.803+0000] {dag.py:3823} INFO - Setting next_dagrun for sales_batch_etl to 2025-07-21 00:00:00+00:00, run_after=2025-07-22 00:00:00+00:00
[2025-07-21T12:42:32.818+0000] {processor.py:183} INFO - Processing /opt/airflow/dags/sales_batch_etl.py took 0.100 seconds
[2025-07-21T13:03:10.794+0000] {processor.py:161} INFO - Started process (PID=14260) to work on /opt/airflow/dags/sales_batch_etl.py
[2025-07-21T13:03:10.797+0000] {processor.py:830} INFO - Processing file /opt/airflow/dags/sales_batch_etl.py for tasks to queue
[2025-07-21T13:03:10.799+0000] {logging_mixin.py:188} INFO - [2025-07-21T13:03:10.798+0000] {dagbag.py:538} INFO - Filling up the DagBag from /opt/airflow/dags/sales_batch_etl.py
[2025-07-21T13:03:10.866+0000] {processor.py:840} INFO - DAG(s) 'sales_batch_etl' retrieved from /opt/airflow/dags/sales_batch_etl.py
[2025-07-21T13:03:11.039+0000] {logging_mixin.py:188} INFO - [2025-07-21T13:03:11.039+0000] {dag.py:3036} INFO - Sync 1 DAGs
[2025-07-21T13:03:11.120+0000] {logging_mixin.py:188} INFO - [2025-07-21T13:03:11.118+0000] {dag.py:3823} INFO - Setting next_dagrun for sales_batch_etl to 2025-07-21 00:00:00+00:00, run_after=2025-07-22 00:00:00+00:00
[2025-07-21T13:03:11.185+0000] {processor.py:183} INFO - Processing /opt/airflow/dags/sales_batch_etl.py took 0.409 seconds
[2025-07-21T13:19:29.720+0000] {processor.py:161} INFO - Started process (PID=14267) to work on /opt/airflow/dags/sales_batch_etl.py
[2025-07-21T13:19:29.721+0000] {processor.py:830} INFO - Processing file /opt/airflow/dags/sales_batch_etl.py for tasks to queue
[2025-07-21T13:19:29.723+0000] {logging_mixin.py:188} INFO - [2025-07-21T13:19:29.722+0000] {dagbag.py:538} INFO - Filling up the DagBag from /opt/airflow/dags/sales_batch_etl.py
[2025-07-21T13:19:29.745+0000] {processor.py:840} INFO - DAG(s) 'sales_batch_etl' retrieved from /opt/airflow/dags/sales_batch_etl.py
[2025-07-21T13:19:29.788+0000] {logging_mixin.py:188} INFO - [2025-07-21T13:19:29.788+0000] {dag.py:3036} INFO - Sync 1 DAGs
[2025-07-21T13:19:29.805+0000] {logging_mixin.py:188} INFO - [2025-07-21T13:19:29.805+0000] {dag.py:3823} INFO - Setting next_dagrun for sales_batch_etl to 2025-07-21 00:00:00+00:00, run_after=2025-07-22 00:00:00+00:00
[2025-07-21T13:19:29.825+0000] {processor.py:183} INFO - Processing /opt/airflow/dags/sales_batch_etl.py took 0.112 seconds
[2025-07-21T13:29:43.157+0000] {processor.py:161} INFO - Started process (PID=14272) to work on /opt/airflow/dags/sales_batch_etl.py
[2025-07-21T13:29:43.161+0000] {processor.py:830} INFO - Processing file /opt/airflow/dags/sales_batch_etl.py for tasks to queue
[2025-07-21T13:29:43.165+0000] {logging_mixin.py:188} INFO - [2025-07-21T13:29:43.163+0000] {dagbag.py:538} INFO - Filling up the DagBag from /opt/airflow/dags/sales_batch_etl.py
[2025-07-21T13:29:43.246+0000] {processor.py:840} INFO - DAG(s) 'sales_batch_etl' retrieved from /opt/airflow/dags/sales_batch_etl.py
[2025-07-21T13:29:43.370+0000] {logging_mixin.py:188} INFO - [2025-07-21T13:29:43.369+0000] {dag.py:3036} INFO - Sync 1 DAGs
[2025-07-21T13:29:43.455+0000] {logging_mixin.py:188} INFO - [2025-07-21T13:29:43.454+0000] {dag.py:3823} INFO - Setting next_dagrun for sales_batch_etl to 2025-07-21 00:00:00+00:00, run_after=2025-07-22 00:00:00+00:00
[2025-07-21T13:29:43.483+0000] {processor.py:183} INFO - Processing /opt/airflow/dags/sales_batch_etl.py took 0.343 seconds
[2025-07-21T14:06:26.134+0000] {processor.py:161} INFO - Started process (PID=14277) to work on /opt/airflow/dags/sales_batch_etl.py
[2025-07-21T14:06:26.138+0000] {processor.py:830} INFO - Processing file /opt/airflow/dags/sales_batch_etl.py for tasks to queue
[2025-07-21T14:06:26.145+0000] {logging_mixin.py:188} INFO - [2025-07-21T14:06:26.143+0000] {dagbag.py:538} INFO - Filling up the DagBag from /opt/airflow/dags/sales_batch_etl.py
[2025-07-21T14:06:26.207+0000] {processor.py:840} INFO - DAG(s) 'sales_batch_etl' retrieved from /opt/airflow/dags/sales_batch_etl.py
[2025-07-21T14:06:26.311+0000] {logging_mixin.py:188} INFO - [2025-07-21T14:06:26.311+0000] {dag.py:3036} INFO - Sync 1 DAGs
[2025-07-21T14:06:26.364+0000] {logging_mixin.py:188} INFO - [2025-07-21T14:06:26.364+0000] {dag.py:3823} INFO - Setting next_dagrun for sales_batch_etl to 2025-07-21 00:00:00+00:00, run_after=2025-07-22 00:00:00+00:00
[2025-07-21T14:06:26.427+0000] {processor.py:183} INFO - Processing /opt/airflow/dags/sales_batch_etl.py took 0.300 seconds
[2025-07-21T14:33:41.562+0000] {processor.py:161} INFO - Started process (PID=14282) to work on /opt/airflow/dags/sales_batch_etl.py
[2025-07-21T14:33:41.565+0000] {processor.py:830} INFO - Processing file /opt/airflow/dags/sales_batch_etl.py for tasks to queue
[2025-07-21T14:33:41.573+0000] {logging_mixin.py:188} INFO - [2025-07-21T14:33:41.571+0000] {dagbag.py:538} INFO - Filling up the DagBag from /opt/airflow/dags/sales_batch_etl.py
[2025-07-21T14:33:41.602+0000] {processor.py:840} INFO - DAG(s) 'sales_batch_etl' retrieved from /opt/airflow/dags/sales_batch_etl.py
[2025-07-21T14:33:41.682+0000] {logging_mixin.py:188} INFO - [2025-07-21T14:33:41.682+0000] {dag.py:3036} INFO - Sync 1 DAGs
[2025-07-21T14:33:41.717+0000] {logging_mixin.py:188} INFO - [2025-07-21T14:33:41.716+0000] {dag.py:3823} INFO - Setting next_dagrun for sales_batch_etl to 2025-07-21 00:00:00+00:00, run_after=2025-07-22 00:00:00+00:00
[2025-07-21T14:33:41.728+0000] {processor.py:183} INFO - Processing /opt/airflow/dags/sales_batch_etl.py took 0.175 seconds
[2025-07-21T15:34:39.744+0000] {processor.py:161} INFO - Started process (PID=14287) to work on /opt/airflow/dags/sales_batch_etl.py
[2025-07-21T15:34:39.750+0000] {processor.py:830} INFO - Processing file /opt/airflow/dags/sales_batch_etl.py for tasks to queue
[2025-07-21T15:34:39.761+0000] {logging_mixin.py:188} INFO - [2025-07-21T15:34:39.758+0000] {dagbag.py:538} INFO - Filling up the DagBag from /opt/airflow/dags/sales_batch_etl.py
[2025-07-21T15:34:39.873+0000] {processor.py:840} INFO - DAG(s) 'sales_batch_etl' retrieved from /opt/airflow/dags/sales_batch_etl.py
[2025-07-21T15:34:40.039+0000] {logging_mixin.py:188} INFO - [2025-07-21T15:34:40.039+0000] {dag.py:3036} INFO - Sync 1 DAGs
[2025-07-21T15:34:40.106+0000] {logging_mixin.py:188} INFO - [2025-07-21T15:34:40.105+0000] {dag.py:3823} INFO - Setting next_dagrun for sales_batch_etl to 2025-07-21 00:00:00+00:00, run_after=2025-07-22 00:00:00+00:00
[2025-07-21T15:34:40.161+0000] {processor.py:183} INFO - Processing /opt/airflow/dags/sales_batch_etl.py took 0.451 seconds
[2025-07-21T15:56:37.440+0000] {processor.py:161} INFO - Started process (PID=14293) to work on /opt/airflow/dags/sales_batch_etl.py
[2025-07-21T15:56:37.442+0000] {processor.py:830} INFO - Processing file /opt/airflow/dags/sales_batch_etl.py for tasks to queue
[2025-07-21T15:56:37.446+0000] {logging_mixin.py:188} INFO - [2025-07-21T15:56:37.444+0000] {dagbag.py:538} INFO - Filling up the DagBag from /opt/airflow/dags/sales_batch_etl.py
[2025-07-21T15:56:37.478+0000] {processor.py:840} INFO - DAG(s) 'sales_batch_etl' retrieved from /opt/airflow/dags/sales_batch_etl.py
[2025-07-21T15:56:37.535+0000] {logging_mixin.py:188} INFO - [2025-07-21T15:56:37.535+0000] {dag.py:3036} INFO - Sync 1 DAGs
[2025-07-21T15:56:37.556+0000] {logging_mixin.py:188} INFO - [2025-07-21T15:56:37.556+0000] {dag.py:3823} INFO - Setting next_dagrun for sales_batch_etl to 2025-07-21 00:00:00+00:00, run_after=2025-07-22 00:00:00+00:00
[2025-07-21T15:56:37.580+0000] {processor.py:183} INFO - Processing /opt/airflow/dags/sales_batch_etl.py took 0.149 seconds
[2025-07-21T16:31:16.818+0000] {processor.py:161} INFO - Started process (PID=14298) to work on /opt/airflow/dags/sales_batch_etl.py
[2025-07-21T16:31:16.833+0000] {processor.py:830} INFO - Processing file /opt/airflow/dags/sales_batch_etl.py for tasks to queue
[2025-07-21T16:31:16.847+0000] {logging_mixin.py:188} INFO - [2025-07-21T16:31:16.842+0000] {dagbag.py:538} INFO - Filling up the DagBag from /opt/airflow/dags/sales_batch_etl.py
[2025-07-21T16:31:16.970+0000] {processor.py:840} INFO - DAG(s) 'sales_batch_etl' retrieved from /opt/airflow/dags/sales_batch_etl.py
[2025-07-21T16:31:17.090+0000] {logging_mixin.py:188} INFO - [2025-07-21T16:31:17.088+0000] {dag.py:3036} INFO - Sync 1 DAGs
[2025-07-21T16:31:17.162+0000] {logging_mixin.py:188} INFO - [2025-07-21T16:31:17.161+0000] {dag.py:3823} INFO - Setting next_dagrun for sales_batch_etl to 2025-07-21 00:00:00+00:00, run_after=2025-07-22 00:00:00+00:00
[2025-07-21T16:31:17.220+0000] {processor.py:183} INFO - Processing /opt/airflow/dags/sales_batch_etl.py took 0.446 seconds
[2025-07-21T17:08:45.118+0000] {processor.py:161} INFO - Started process (PID=14303) to work on /opt/airflow/dags/sales_batch_etl.py
[2025-07-21T17:08:45.120+0000] {processor.py:830} INFO - Processing file /opt/airflow/dags/sales_batch_etl.py for tasks to queue
[2025-07-21T17:08:45.121+0000] {logging_mixin.py:188} INFO - [2025-07-21T17:08:45.120+0000] {dagbag.py:538} INFO - Filling up the DagBag from /opt/airflow/dags/sales_batch_etl.py
[2025-07-21T17:08:45.140+0000] {processor.py:840} INFO - DAG(s) 'sales_batch_etl' retrieved from /opt/airflow/dags/sales_batch_etl.py
[2025-07-21T17:08:45.189+0000] {logging_mixin.py:188} INFO - [2025-07-21T17:08:45.188+0000] {dag.py:3036} INFO - Sync 1 DAGs
[2025-07-21T17:08:45.213+0000] {logging_mixin.py:188} INFO - [2025-07-21T17:08:45.212+0000] {dag.py:3823} INFO - Setting next_dagrun for sales_batch_etl to 2025-07-21 00:00:00+00:00, run_after=2025-07-22 00:00:00+00:00
[2025-07-21T17:08:45.249+0000] {processor.py:183} INFO - Processing /opt/airflow/dags/sales_batch_etl.py took 0.157 seconds
[2025-07-21T17:44:58.812+0000] {processor.py:161} INFO - Started process (PID=14308) to work on /opt/airflow/dags/sales_batch_etl.py
[2025-07-21T17:44:58.813+0000] {processor.py:830} INFO - Processing file /opt/airflow/dags/sales_batch_etl.py for tasks to queue
[2025-07-21T17:44:58.815+0000] {logging_mixin.py:188} INFO - [2025-07-21T17:44:58.814+0000] {dagbag.py:538} INFO - Filling up the DagBag from /opt/airflow/dags/sales_batch_etl.py
[2025-07-21T17:44:58.866+0000] {processor.py:840} INFO - DAG(s) 'sales_batch_etl' retrieved from /opt/airflow/dags/sales_batch_etl.py
[2025-07-21T17:44:58.905+0000] {logging_mixin.py:188} INFO - [2025-07-21T17:44:58.904+0000] {dag.py:3036} INFO - Sync 1 DAGs
[2025-07-21T17:44:58.920+0000] {logging_mixin.py:188} INFO - [2025-07-21T17:44:58.920+0000] {dag.py:3823} INFO - Setting next_dagrun for sales_batch_etl to 2025-07-21 00:00:00+00:00, run_after=2025-07-22 00:00:00+00:00
[2025-07-21T17:44:58.929+0000] {processor.py:183} INFO - Processing /opt/airflow/dags/sales_batch_etl.py took 0.126 seconds
[2025-07-21T19:10:54.072+0000] {processor.py:161} INFO - Started process (PID=14313) to work on /opt/airflow/dags/sales_batch_etl.py
[2025-07-21T19:10:54.074+0000] {processor.py:830} INFO - Processing file /opt/airflow/dags/sales_batch_etl.py for tasks to queue
[2025-07-21T19:10:54.076+0000] {logging_mixin.py:188} INFO - [2025-07-21T19:10:54.075+0000] {dagbag.py:538} INFO - Filling up the DagBag from /opt/airflow/dags/sales_batch_etl.py
[2025-07-21T19:10:54.131+0000] {processor.py:840} INFO - DAG(s) 'sales_batch_etl' retrieved from /opt/airflow/dags/sales_batch_etl.py
[2025-07-21T19:10:54.234+0000] {logging_mixin.py:188} INFO - [2025-07-21T19:10:54.234+0000] {dag.py:3036} INFO - Sync 1 DAGs
[2025-07-21T19:10:54.283+0000] {logging_mixin.py:188} INFO - [2025-07-21T19:10:54.282+0000] {dag.py:3823} INFO - Setting next_dagrun for sales_batch_etl to 2025-07-21 00:00:00+00:00, run_after=2025-07-22 00:00:00+00:00
[2025-07-21T19:10:54.322+0000] {processor.py:183} INFO - Processing /opt/airflow/dags/sales_batch_etl.py took 0.267 seconds
[2025-07-21T20:12:01.849+0000] {processor.py:161} INFO - Started process (PID=14320) to work on /opt/airflow/dags/sales_batch_etl.py
[2025-07-21T20:12:01.855+0000] {processor.py:830} INFO - Processing file /opt/airflow/dags/sales_batch_etl.py for tasks to queue
[2025-07-21T20:12:01.857+0000] {logging_mixin.py:188} INFO - [2025-07-21T20:12:01.857+0000] {dagbag.py:538} INFO - Filling up the DagBag from /opt/airflow/dags/sales_batch_etl.py
[2025-07-21T20:12:01.932+0000] {processor.py:840} INFO - DAG(s) 'sales_batch_etl' retrieved from /opt/airflow/dags/sales_batch_etl.py
[2025-07-21T20:12:02.047+0000] {logging_mixin.py:188} INFO - [2025-07-21T20:12:02.046+0000] {dag.py:3036} INFO - Sync 1 DAGs
[2025-07-21T20:12:02.123+0000] {logging_mixin.py:188} INFO - [2025-07-21T20:12:02.122+0000] {dag.py:3823} INFO - Setting next_dagrun for sales_batch_etl to 2025-07-21 00:00:00+00:00, run_after=2025-07-22 00:00:00+00:00
[2025-07-21T20:12:02.207+0000] {processor.py:183} INFO - Processing /opt/airflow/dags/sales_batch_etl.py took 0.372 seconds
[2025-07-21T20:39:05.465+0000] {processor.py:161} INFO - Started process (PID=14325) to work on /opt/airflow/dags/sales_batch_etl.py
[2025-07-21T20:39:05.467+0000] {processor.py:830} INFO - Processing file /opt/airflow/dags/sales_batch_etl.py for tasks to queue
[2025-07-21T20:39:05.468+0000] {logging_mixin.py:188} INFO - [2025-07-21T20:39:05.467+0000] {dagbag.py:538} INFO - Filling up the DagBag from /opt/airflow/dags/sales_batch_etl.py
[2025-07-21T20:39:05.507+0000] {processor.py:840} INFO - DAG(s) 'sales_batch_etl' retrieved from /opt/airflow/dags/sales_batch_etl.py
[2025-07-21T20:39:05.566+0000] {logging_mixin.py:188} INFO - [2025-07-21T20:39:05.565+0000] {dag.py:3036} INFO - Sync 1 DAGs
[2025-07-21T20:39:05.649+0000] {logging_mixin.py:188} INFO - [2025-07-21T20:39:05.648+0000] {dag.py:3823} INFO - Setting next_dagrun for sales_batch_etl to 2025-07-21 00:00:00+00:00, run_after=2025-07-22 00:00:00+00:00
[2025-07-21T20:39:05.712+0000] {processor.py:183} INFO - Processing /opt/airflow/dags/sales_batch_etl.py took 0.254 seconds
[2025-07-21T21:40:09.656+0000] {processor.py:161} INFO - Started process (PID=14330) to work on /opt/airflow/dags/sales_batch_etl.py
[2025-07-21T21:40:09.660+0000] {processor.py:830} INFO - Processing file /opt/airflow/dags/sales_batch_etl.py for tasks to queue
[2025-07-21T21:40:09.663+0000] {logging_mixin.py:188} INFO - [2025-07-21T21:40:09.661+0000] {dagbag.py:538} INFO - Filling up the DagBag from /opt/airflow/dags/sales_batch_etl.py
[2025-07-21T21:40:09.769+0000] {processor.py:840} INFO - DAG(s) 'sales_batch_etl' retrieved from /opt/airflow/dags/sales_batch_etl.py
[2025-07-21T21:40:09.873+0000] {logging_mixin.py:188} INFO - [2025-07-21T21:40:09.872+0000] {dag.py:3036} INFO - Sync 1 DAGs
[2025-07-21T21:40:09.924+0000] {logging_mixin.py:188} INFO - [2025-07-21T21:40:09.924+0000] {dag.py:3823} INFO - Setting next_dagrun for sales_batch_etl to 2025-07-21 00:00:00+00:00, run_after=2025-07-22 00:00:00+00:00
[2025-07-21T21:40:09.965+0000] {processor.py:183} INFO - Processing /opt/airflow/dags/sales_batch_etl.py took 0.339 seconds
[2025-07-21T22:41:08.495+0000] {processor.py:161} INFO - Started process (PID=14335) to work on /opt/airflow/dags/sales_batch_etl.py
[2025-07-21T22:41:08.500+0000] {processor.py:830} INFO - Processing file /opt/airflow/dags/sales_batch_etl.py for tasks to queue
[2025-07-21T22:41:08.502+0000] {logging_mixin.py:188} INFO - [2025-07-21T22:41:08.501+0000] {dagbag.py:538} INFO - Filling up the DagBag from /opt/airflow/dags/sales_batch_etl.py
[2025-07-21T22:41:08.614+0000] {processor.py:840} INFO - DAG(s) 'sales_batch_etl' retrieved from /opt/airflow/dags/sales_batch_etl.py
[2025-07-21T22:41:08.708+0000] {logging_mixin.py:188} INFO - [2025-07-21T22:41:08.705+0000] {dag.py:3036} INFO - Sync 1 DAGs
[2025-07-21T22:41:08.767+0000] {logging_mixin.py:188} INFO - [2025-07-21T22:41:08.767+0000] {dag.py:3823} INFO - Setting next_dagrun for sales_batch_etl to 2025-07-21 00:00:00+00:00, run_after=2025-07-22 00:00:00+00:00
[2025-07-21T22:41:08.813+0000] {processor.py:183} INFO - Processing /opt/airflow/dags/sales_batch_etl.py took 0.353 seconds
[2025-07-21T23:42:11.957+0000] {processor.py:161} INFO - Started process (PID=14340) to work on /opt/airflow/dags/sales_batch_etl.py
[2025-07-21T23:42:11.965+0000] {processor.py:830} INFO - Processing file /opt/airflow/dags/sales_batch_etl.py for tasks to queue
[2025-07-21T23:42:11.969+0000] {logging_mixin.py:188} INFO - [2025-07-21T23:42:11.968+0000] {dagbag.py:538} INFO - Filling up the DagBag from /opt/airflow/dags/sales_batch_etl.py
[2025-07-21T23:42:12.036+0000] {processor.py:840} INFO - DAG(s) 'sales_batch_etl' retrieved from /opt/airflow/dags/sales_batch_etl.py
[2025-07-21T23:42:12.183+0000] {logging_mixin.py:188} INFO - [2025-07-21T23:42:12.182+0000] {dag.py:3036} INFO - Sync 1 DAGs
[2025-07-21T23:42:12.243+0000] {logging_mixin.py:188} INFO - [2025-07-21T23:42:12.242+0000] {dag.py:3823} INFO - Setting next_dagrun for sales_batch_etl to 2025-07-21 00:00:00+00:00, run_after=2025-07-22 00:00:00+00:00
[2025-07-21T23:42:12.326+0000] {processor.py:183} INFO - Processing /opt/airflow/dags/sales_batch_etl.py took 0.379 seconds
